<?xml version="1.0" encoding="UTF-8"?>
<!-- Generated by org.testng.reporters.JUnitReportReporter -->
<testsuite hostname="LAPTOP-4IP4GO2S" failures="0" tests="1" name="testcases.SearchTestCases" time="21.400" errors="0" timestamp="2023-08-05T17:50:58 IST" skipped="0">
  <testcase classname="testcases.SearchTestCases" name="Search" time="21.400"/>
</testsuite> <!-- testcases.SearchTestCases -->
