<?xml version="1.0" encoding="UTF-8"?>
<!-- Generated by org.testng.reporters.JUnitReportReporter -->
<testsuite hostname="LAPTOP-4IP4GO2S" failures="0" tests="1" name="testcases.logintestcases" time="9.628" errors="0" timestamp="2023-08-05T17:50:58 IST" skipped="0">
  <testcase classname="testcases.logintestcases" name="Login" time="9.628"/>
</testsuite> <!-- testcases.logintestcases -->
