<?xml version="1.0" encoding="UTF-8"?>
<!-- Generated by org.testng.reporters.JUnitReportReporter -->
<testsuite hostname="LAPTOP-4IP4GO2S" failures="0" tests="1" name="testcases.RegisterTestCases" time="15.304" errors="0" timestamp="2023-08-05T17:50:58 IST" skipped="0">
  <testcase classname="testcases.RegisterTestCases" name="verifyRegister" time="15.304"/>
</testsuite> <!-- testcases.RegisterTestCases -->
